{"uuid":"75b2b462-98e6-4f1d-a519-af96108c224e","historyId":"75a2e961fba65548dff8336017dc74d8","testCaseId":"[engine:junit-jupiter]/[class:ru.netology.qa.qadiploma.tests.TourPageTest]/[method:shouldShowInvalidHolderCyrillicErrorForDebitCardPurchase()]","testCaseName":"Should show error for invalid holder name containing cyrillic symbols for debit card purchase","fullName":"ru.netology.qa.qadiploma.tests.TourPageTest.shouldShowInvalidHolderCyrillicErrorForDebitCardPurchase","labels":[{"name":"junit.platform.uniqueid","value":"[engine:junit-jupiter]/[class:ru.netology.qa.qadiploma.tests.TourPageTest]/[method:shouldShowInvalidHolderCyrillicErrorForDebitCardPurchase()]"},{"name":"host","value":"DESKTOP-20OQ1V5"},{"name":"thread","value":"6292@DESKTOP-20OQ1V5.Test worker(1)"},{"name":"framework","value":"junit-platform"},{"name":"language","value":"java"},{"name":"package","value":"ru.netology.qa.qadiploma.tests.TourPageTest"},{"name":"testClass","value":"ru.netology.qa.qadiploma.tests.TourPageTest"},{"name":"testMethod","value":"shouldShowInvalidHolderCyrillicErrorForDebitCardPurchase"},{"name":"suite","value":"ru.netology.qa.qadiploma.tests.TourPageTest"}],"links":[],"name":"Should show error for invalid holder name containing cyrillic symbols for debit card purchase","status":"failed","statusDetails":{"known":false,"muted":false,"flaky":false,"message":"Element not found {.input__top.findBy(text \"Владелец\")/By.xpath: ancestor::*[contains(concat(' ', normalize-space(@class), ' '), ' input__inner ')][1]/.input__control/By.xpath: ancestor::*[contains(concat(' ', normalize-space(@class), ' '), ' form-field ')][1]/.input__sub}\r\nExpected: visible\r\nScreenshot: file:/D:/Netology/qa-diploma/build/reports/tests/1727869942923.7.png\r\nPage source: file:/D:/Netology/qa-diploma/build/reports/tests/1727869942923.7.html\r\nTimeout: 4 s.\r\nCaused by: NoSuchElementException: no such element: Unable to locate element: {\"method\":\"css selector\",\"selector\":\".input__sub\"}","trace":"Element not found {.input__top.findBy(text \"Владелец\")/By.xpath: ancestor::*[contains(concat(' ', normalize-space(@class), ' '), ' input__inner ')][1]/.input__control/By.xpath: ancestor::*[contains(concat(' ', normalize-space(@class), ' '), ' form-field ')][1]/.input__sub}\r\nExpected: visible\r\nScreenshot: file:/D:/Netology/qa-diploma/build/reports/tests/1727869942923.7.png\r\nPage source: file:/D:/Netology/qa-diploma/build/reports/tests/1727869942923.7.html\r\nTimeout: 4 s.\r\nCaused by: NoSuchElementException: no such element: Unable to locate element: {\"method\":\"css selector\",\"selector\":\".input__sub\"}\r\n\tat com.codeborne.selenide.impl.WebElementSource.createElementNotFoundError(WebElementSource.java:91)\r\n\tat com.codeborne.selenide.impl.ElementFinder.createElementNotFoundError(ElementFinder.java:142)\r\n\tat com.codeborne.selenide.impl.WebElementSource.handleError(WebElementSource.java:143)\r\n\tat com.codeborne.selenide.impl.WebElementSource.checkConditionAndReturnElement(WebElementSource.java:127)\r\n\tat com.codeborne.selenide.impl.WebElementSource.checkCondition(WebElementSource.java:104)\r\n\tat com.codeborne.selenide.commands.Should.execute(Should.java:30)\r\n\tat com.codeborne.selenide.commands.Should.execute(Should.java:14)\r\n\tat com.codeborne.selenide.commands.Commands.execute(Commands.java:163)\r\n\tat com.codeborne.selenide.impl.SelenideElementProxy.dispatchAndRetry(SelenideElementProxy.java:132)\r\n\tat com.codeborne.selenide.impl.SelenideElementProxy.invoke(SelenideElementProxy.java:84)\r\n\tat com.sun.proxy.$Proxy36.shouldBe(Unknown Source)\r\n\tat ru.netology.qa.qadiploma.utils.TourPageActions.checkInvalidHolderInputErrorNotification(TourPageActions.java:162)\r\n\tat ru.netology.qa.qadiploma.tests.TourPageTest.shouldShowInvalidHolderCyrillicErrorForDebitCardPurchase(TourPageTest.java:494)\r\n\tat java.base/java.lang.reflect.Method.invoke(Method.java:566)\r\n\tat com.epam.reportportal.junit5.ReportPortalExtension.interceptTestMethod(ReportPortalExtension.java:276)\r\n\tat java.base/java.util.ArrayList.forEach(ArrayList.java:1541)\r\n\tat java.base/java.util.ArrayList.forEach(ArrayList.java:1541)\r\nCaused by: org.openqa.selenium.NoSuchElementException: no such element: Unable to locate element: {\"method\":\"css selector\",\"selector\":\".input__sub\"}\n  (Session info: chrome=129.0.6668.71)\nFor documentation on this error, please visit: https://www.selenium.dev/documentation/webdriver/troubleshooting/errors#no-such-element-exception\nBuild info: version: '4.11.0', revision: '040bc5406b'\nSystem info: os.name: 'Windows 10', os.arch: 'amd64', os.version: '10.0', java.version: '11.0.22'\nDriver info: org.openqa.selenium.chrome.ChromeDriver\nCommand: [249de975852afca62bad8f09e6076bc5, findChildElement {id=f.CE9B59C84F208465CC10446111DF69D9.d.C69FC5D3D9AA5E14AC281060F25BF634.e.766, using=css selector, value=.input__sub}]\nCapabilities {acceptInsecureCerts: true, browserName: chrome, browserVersion: 129.0.6668.71, chrome: {chromedriverVersion: 129.0.6668.89 (951c0b97221f..., userDataDir: C:\\Users\\nshab\\AppData\\Loca...}, fedcm:accounts: true, goog:chromeOptions: {debuggerAddress: localhost:57412}, networkConnectionEnabled: false, pageLoadStrategy: normal, platformName: windows, proxy: Proxy(), se:cdp: ws://localhost:57412/devtoo..., se:cdpVersion: 129.0.6668.71, setWindowRect: true, strictFileInteractability: false, timeouts: {implicit: 0, pageLoad: 300000, script: 30000}, unhandledPromptBehavior: accept, webauthn:extension:credBlob: true, webauthn:extension:largeBlob: true, webauthn:extension:minPinLength: true, webauthn:extension:prf: true, webauthn:virtualAuthenticators: true}\nSession ID: 249de975852afca62bad8f09e6076bc5\r\n\tat jdk.internal.reflect.GeneratedConstructorAccessor33.newInstance(Unknown Source)\r\n\tat java.base/jdk.internal.reflect.DelegatingConstructorAccessorImpl.newInstance(DelegatingConstructorAccessorImpl.java:45)\r\n\tat java.base/java.lang.reflect.Constructor.newInstance(Constructor.java:490)\r\n\tat org.openqa.selenium.remote.codec.w3c.W3CHttpResponseCodec.createException(W3CHttpResponseCodec.java:200)\r\n\tat org.openqa.selenium.remote.codec.w3c.W3CHttpResponseCodec.decode(W3CHttpResponseCodec.java:133)\r\n\tat org.openqa.selenium.remote.codec.w3c.W3CHttpResponseCodec.decode(W3CHttpResponseCodec.java:52)\r\n\tat org.openqa.selenium.remote.HttpCommandExecutor.execute(HttpCommandExecutor.java:191)\r\n\tat org.openqa.selenium.remote.service.DriverCommandExecutor.invokeExecute(DriverCommandExecutor.java:196)\r\n\tat org.openqa.selenium.remote.service.DriverCommandExecutor.execute(DriverCommandExecutor.java:171)\r\n\tat org.openqa.selenium.remote.RemoteWebDriver.execute(RemoteWebDriver.java:518)\r\n\tat org.openqa.selenium.remote.ElementLocation$ElementFinder$2.findElement(ElementLocation.java:165)\r\n\tat org.openqa.selenium.remote.ElementLocation.findElement(ElementLocation.java:59)\r\n\tat org.openqa.selenium.remote.RemoteWebDriver.findElement(RemoteWebDriver.java:355)\r\n\tat org.openqa.selenium.remote.RemoteWebElement.findElement(RemoteWebElement.java:212)\r\n\tat com.codeborne.selenide.impl.WebElementSelector.findElement(WebElementSelector.java:70)\r\n\tat com.codeborne.selenide.impl.WebElementSelector.findElement(WebElementSelector.java:44)\r\n\tat com.codeborne.selenide.impl.WebElementSelector.findElement(WebElementSelector.java:33)\r\n\tat com.codeborne.selenide.impl.ElementFinder.getWebElement(ElementFinder.java:122)\r\n\tat com.codeborne.selenide.impl.WebElementSource.checkConditionAndReturnElement(WebElementSource.java:116)\r\n\t... 13 more\r\n"},"stage":"finished","description":"","steps":[],"attachments":[],"parameters":[],"start":1727869937799,"stop":1727869943205}