{"uid":"d6e78c978f8a6652","name":"Should show unsuccessful credit purchase","fullName":"ru.netology.qa.qadiploma.tests.TourPageTest.shouldShowUnsuccessfulCreditPurchase","historyId":"97494c6438f39800d6cb2fdc119c5c8e","time":{"start":1727869882342,"stop":1727869907942,"duration":25600},"description":"","status":"failed","statusMessage":"Element not found {.notification__title.findBy(text \"Ошибка\")}\r\nExpected: visible\r\nScreenshot: file:/D:/Netology/qa-diploma/build/reports/tests/1727869907705.2.png\r\nPage source: file:/D:/Netology/qa-diploma/build/reports/tests/1727869907705.2.html\r\nTimeout: 4 s.\r\nCaused by: NoSuchElementException: Cannot locate an element .notification__title.findBy(text \"Ошибка\")","statusTrace":"Element not found {.notification__title.findBy(text \"Ошибка\")}\r\nExpected: visible\r\nScreenshot: file:/D:/Netology/qa-diploma/build/reports/tests/1727869907705.2.png\r\nPage source: file:/D:/Netology/qa-diploma/build/reports/tests/1727869907705.2.html\r\nTimeout: 4 s.\r\nCaused by: NoSuchElementException: Cannot locate an element .notification__title.findBy(text \"Ошибка\")\r\n\tat com.codeborne.selenide.impl.WebElementSource.createElementNotFoundError(WebElementSource.java:91)\r\n\tat com.codeborne.selenide.impl.WebElementSource.handleError(WebElementSource.java:143)\r\n\tat com.codeborne.selenide.impl.WebElementSource.checkConditionAndReturnElement(WebElementSource.java:127)\r\n\tat com.codeborne.selenide.impl.WebElementSource.checkCondition(WebElementSource.java:104)\r\n\tat com.codeborne.selenide.commands.Should.execute(Should.java:30)\r\n\tat com.codeborne.selenide.commands.Should.execute(Should.java:14)\r\n\tat com.codeborne.selenide.commands.Commands.execute(Commands.java:163)\r\n\tat com.codeborne.selenide.impl.SelenideElementProxy.dispatchAndRetry(SelenideElementProxy.java:132)\r\n\tat com.codeborne.selenide.impl.SelenideElementProxy.invoke(SelenideElementProxy.java:84)\r\n\tat com.sun.proxy.$Proxy36.shouldBe(Unknown Source)\r\n\tat ru.netology.qa.qadiploma.utils.TourPageActions.checkErrorNotification(TourPageActions.java:92)\r\n\tat ru.netology.qa.qadiploma.tests.TourPageTest.shouldShowUnsuccessfulCreditPurchase(TourPageTest.java:188)\r\n\tat java.base/java.lang.reflect.Method.invoke(Method.java:566)\r\n\tat com.epam.reportportal.junit5.ReportPortalExtension.interceptTestMethod(ReportPortalExtension.java:276)\r\n\tat java.base/java.util.ArrayList.forEach(ArrayList.java:1541)\r\n\tat java.base/java.util.ArrayList.forEach(ArrayList.java:1541)\r\nCaused by: org.openqa.selenium.NoSuchElementException: Cannot locate an element .notification__title.findBy(text \"Ошибка\")\nFor documentation on this error, please visit: https://www.selenium.dev/documentation/webdriver/troubleshooting/errors#no-such-element-exception\nBuild info: version: '4.11.0', revision: '040bc5406b'\nSystem info: os.name: 'Windows 10', os.arch: 'amd64', os.version: '10.0', java.version: '11.0.22'\nDriver info: driver.version: unknown\r\n\tat com.codeborne.selenide.impl.CollectionElementByCondition.getWebElement(CollectionElementByCondition.java:55)\r\n\tat com.codeborne.selenide.impl.WebElementSource.checkConditionAndReturnElement(WebElementSource.java:116)\r\n\t... 13 more\r\n","flaky":false,"newFailed":false,"newBroken":false,"newPassed":false,"retriesCount":0,"retriesStatusChange":false,"beforeStages":[{"name":"setup","time":{"start":1727869868174,"stop":1727869868175,"duration":1},"status":"passed","steps":[],"attachments":[],"parameters":[],"stepsCount":0,"hasContent":false,"shouldDisplayMessage":false,"attachmentsCount":0},{"name":"reportPortalLogging","time":{"start":1727869882343,"stop":1727869882344,"duration":1},"status":"passed","steps":[],"attachments":[],"parameters":[],"stepsCount":0,"hasContent":false,"shouldDisplayMessage":false,"attachmentsCount":0}],"afterStages":[],"labels":[{"name":"junit.platform.uniqueid","value":"[engine:junit-jupiter]/[class:ru.netology.qa.qadiploma.tests.TourPageTest]/[method:shouldShowUnsuccessfulCreditPurchase()]"},{"name":"host","value":"DESKTOP-20OQ1V5"},{"name":"thread","value":"6292@DESKTOP-20OQ1V5.Test worker(1)"},{"name":"framework","value":"junit-platform"},{"name":"language","value":"java"},{"name":"package","value":"ru.netology.qa.qadiploma.tests.TourPageTest"},{"name":"testClass","value":"ru.netology.qa.qadiploma.tests.TourPageTest"},{"name":"testMethod","value":"shouldShowUnsuccessfulCreditPurchase"},{"name":"suite","value":"ru.netology.qa.qadiploma.tests.TourPageTest"},{"name":"resultFormat","value":"allure2"}],"parameters":[],"links":[],"hidden":false,"retry":false,"extra":{"severity":"normal","retries":[],"categories":[{"name":"Product defects","matchedStatuses":[],"flaky":false}],"tags":[]},"source":"d6e78c978f8a6652.json","parameterValues":[]}